<?xml version="1.0" encoding="UTF-8"?>
<testsuite xmlns:xsi="http://www.w3.org/2001/XMLSchema-instance" xsi:noNamespaceSchemaLocation="https://maven.apache.org/surefire/maven-surefire-plugin/xsd/surefire-test-report-3.0.xsd" version="3.0" name="com.devsuperior.dscommerce.StartTests" time="9.931" tests="1" errors="0" skipped="0" failures="0">
  <properties>
[...]
</properties>
  <testcase name="contextLoads" classname="com.devsuperior.dscommerce.StartTests" time="0.728">
    <system-out><![CDATA[00:40:46.954 [main] INFO org.springframework.test.context.support.AnnotationConfigContextLoaderUtils -- Could not detect default configuration classes for test class [com.devsuperior.dscommerce.StartTests]: StartTests does not declare any static, non-private, non-final, nested classes annotated with @Configuration.
00:40:47.079 [main] INFO org.springframework.boot.test.context.SpringBootTestContextBootstrapper -- Found @SpringBootConfiguration com.devsuperior.dscommerce.Start for test class com.devsuperior.dscommerce.StartTests
00:40:47.317 [main] INFO org.springframework.boot.devtools.restart.RestartApplicationListener -- Restart disabled due to context in which it is running

  .   ____          _            __ _ _
 /\\ / ___'_ __ _ _(_)_ __  __ _ \ \ \ \
( ( )\___ | '_ | '_| | '_ \/ _` | \ \ \ \
 \\/  ___)| |_)| | | | | || (_| |  ) ) ) )
  '  |____| .__|_| |_|_| |_\__, | / / / /
 =========|_|==============|___/=/_/_/_/

 :: Spring Boot ::                (v3.3.3)

2024-10-01T00:40:47.692-03:00  INFO 23236 --- [           main] com.devsuperior.dscommerce.StartTests    : Starting StartTests using Java 17.0.12 with PID 23236 (started by gabri in C:\Dev\DsCommerce)
2024-10-01T00:40:47.694-03:00  INFO 23236 --- [           main] com.devsuperior.dscommerce.StartTests    : No active profile set, falling back to 1 default profile: "default"
2024-10-01T00:40:48.652-03:00  INFO 23236 --- [           main] .s.d.r.c.RepositoryConfigurationDelegate : Bootstrapping Spring Data JPA repositories in DEFAULT mode.
2024-10-01T00:40:48.733-03:00  INFO 23236 --- [           main] .s.d.r.c.RepositoryConfigurationDelegate : Finished Spring Data repository scanning in 70 ms. Found 1 JPA repository interface.
2024-10-01T00:40:49.273-03:00  INFO 23236 --- [           main] com.zaxxer.hikari.HikariDataSource       : HikariPool-1 - Starting...
2024-10-01T00:40:49.843-03:00  INFO 23236 --- [           main] com.zaxxer.hikari.pool.HikariPool        : HikariPool-1 - Added connection com.mysql.cj.jdbc.ConnectionImpl@30a7653e
2024-10-01T00:40:49.847-03:00  INFO 23236 --- [           main] com.zaxxer.hikari.HikariDataSource       : HikariPool-1 - Start completed.
2024-10-01T00:40:50.013-03:00  INFO 23236 --- [           main] o.hibernate.jpa.internal.util.LogHelper  : HHH000204: Processing PersistenceUnitInfo [name: default]
2024-10-01T00:40:50.084-03:00  INFO 23236 --- [           main] org.hibernate.Version                    : HHH000412: Hibernate ORM core version 6.5.2.Final
2024-10-01T00:40:50.164-03:00  INFO 23236 --- [           main] o.h.c.internal.RegionFactoryInitiator    : HHH000026: Second-level cache disabled
2024-10-01T00:40:50.694-03:00  INFO 23236 --- [           main] o.s.o.j.p.SpringPersistenceUnitInfo      : No LoadTimeWeaver setup: ignoring JPA class transformer
2024-10-01T00:40:50.808-03:00  WARN 23236 --- [           main] org.hibernate.orm.deprecation            : HHH90000025: MySQL8Dialect does not need to be specified explicitly using 'hibernate.dialect' (remove the property setting and it will be selected by default)
2024-10-01T00:40:50.809-03:00  WARN 23236 --- [           main] org.hibernate.orm.deprecation            : HHH90000026: MySQL8Dialect has been deprecated; use org.hibernate.dialect.MySQLDialect instead
2024-10-01T00:40:52.146-03:00  INFO 23236 --- [           main] o.h.e.t.j.p.i.JtaPlatformInitiator       : HHH000489: No JTA platform available (set 'hibernate.transaction.jta.platform' to enable JTA platform integration)
2024-10-01T00:40:52.167-03:00 DEBUG 23236 --- [           main] org.hibernate.SQL                        : 
    alter table tb_order 
       drop 
       foreign key FKi0x0rv7d65vsceuy33km9567n
Hibernate: 
    alter table tb_order 
       drop 
       foreign key FKi0x0rv7d65vsceuy33km9567n
2024-10-01T00:40:52.216-03:00 DEBUG 23236 --- [           main] org.hibernate.SQL                        : 
    alter table tb_order_item 
       drop 
       foreign key FK4h5xid5qehset7qwe5l9c997x
Hibernate: 
    alter table tb_order_item 
       drop 
       foreign key FK4h5xid5qehset7qwe5l9c997x
2024-10-01T00:40:52.252-03:00 DEBUG 23236 --- [           main] org.hibernate.SQL                        : 
    alter table tb_order_item 
       drop 
       foreign key FKgeobgl2xu916he8vhljktwxnx
Hibernate: 
    alter table tb_order_item 
       drop 
       foreign key FKgeobgl2xu916he8vhljktwxnx
2024-10-01T00:40:52.292-03:00 DEBUG 23236 --- [           main] org.hibernate.SQL                        : 
    alter table tb_payment 
       drop 
       foreign key FKokaf4il2cwit4h780c25dv04r
Hibernate: 
    alter table tb_payment 
       drop 
       foreign key FKokaf4il2cwit4h780c25dv04r
2024-10-01T00:40:52.321-03:00 DEBUG 23236 --- [           main] org.hibernate.SQL                        : 
    alter table tb_product_category 
       drop 
       foreign key FK5r4sbavb4nkd9xpl0f095qs2a
Hibernate: 
    alter table tb_product_category 
       drop 
       foreign key FK5r4sbavb4nkd9xpl0f095qs2a
2024-10-01T00:40:52.358-03:00 DEBUG 23236 --- [           main] org.hibernate.SQL                        : 
    alter table tb_product_category 
       drop 
       foreign key FKgbof0jclmaf8wn2alsoexxq3u
Hibernate: 
    alter table tb_product_category 
       drop 
       foreign key FKgbof0jclmaf8wn2alsoexxq3u
2024-10-01T00:40:52.388-03:00 DEBUG 23236 --- [           main] org.hibernate.SQL                        : 
    drop table if exists tb_category
Hibernate: 
    drop table if exists tb_category
2024-10-01T00:40:52.433-03:00 DEBUG 23236 --- [           main] org.hibernate.SQL                        : 
    drop table if exists tb_order
Hibernate: 
    drop table if exists tb_order
2024-10-01T00:40:52.481-03:00 DEBUG 23236 --- [           main] org.hibernate.SQL                        : 
    drop table if exists tb_order_item
Hibernate: 
    drop table if exists tb_order_item
2024-10-01T00:40:52.536-03:00 DEBUG 23236 --- [           main] org.hibernate.SQL                        : 
    drop table if exists tb_payment
Hibernate: 
    drop table if exists tb_payment
2024-10-01T00:40:52.582-03:00 DEBUG 23236 --- [           main] org.hibernate.SQL                        : 
    drop table if exists tb_product
Hibernate: 
    drop table if exists tb_product
2024-10-01T00:40:52.629-03:00 DEBUG 23236 --- [           main] org.hibernate.SQL                        : 
    drop table if exists tb_product_category
Hibernate: 
    drop table if exists tb_product_category
2024-10-01T00:40:52.680-03:00 DEBUG 23236 --- [           main] org.hibernate.SQL                        : 
    drop table if exists tb_user
Hibernate: 
    drop table if exists tb_user
2024-10-01T00:40:52.734-03:00 DEBUG 23236 --- [           main] org.hibernate.SQL                        : 
    create table tb_category (
        id bigint not null auto_increment,
        name varchar(255),
        primary key (id)
    ) engine=InnoDB
Hibernate: 
    create table tb_category (
        id bigint not null auto_increment,
        name varchar(255),
        primary key (id)
    ) engine=InnoDB
2024-10-01T00:40:52.807-03:00 DEBUG 23236 --- [           main] org.hibernate.SQL                        : 
    create table tb_order (
        status tinyint,
        client_id bigint,
        id bigint not null auto_increment,
        moment DATETIME,
        primary key (id)
    ) engine=InnoDB
Hibernate: 
    create table tb_order (
        status tinyint,
        client_id bigint,
        id bigint not null auto_increment,
        moment DATETIME,
        primary key (id)
    ) engine=InnoDB
2024-10-01T00:40:52.891-03:00 DEBUG 23236 --- [           main] org.hibernate.SQL                        : 
    create table tb_order_item (
        price float(53),
        quantity integer,
        order_id bigint not null,
        product_id bigint not null,
        primary key (order_id, product_id)
    ) engine=InnoDB
Hibernate: 
    create table tb_order_item (
        price float(53),
        quantity integer,
        order_id bigint not null,
        product_id bigint not null,
        primary key (order_id, product_id)
    ) engine=InnoDB
2024-10-01T00:40:52.978-03:00 DEBUG 23236 --- [           main] org.hibernate.SQL                        : 
    create table tb_payment (
        moment DATETIME,
        order_id bigint not null,
        primary key (order_id)
    ) engine=InnoDB
Hibernate: 
    create table tb_payment (
        moment DATETIME,
        order_id bigint not null,
        primary key (order_id)
    ) engine=InnoDB
2024-10-01T00:40:53.058-03:00 DEBUG 23236 --- [           main] org.hibernate.SQL                        : 
    create table tb_product (
        price float(53),
        id bigint not null auto_increment,
        description TEXT,
        img_url varchar(255),
        name varchar(255),
        primary key (id)
    ) engine=InnoDB
Hibernate: 
    create table tb_product (
        price float(53),
        id bigint not null auto_increment,
        description TEXT,
        img_url varchar(255),
        name varchar(255),
        primary key (id)
    ) engine=InnoDB
2024-10-01T00:40:53.146-03:00 DEBUG 23236 --- [           main] org.hibernate.SQL                        : 
    create table tb_product_category (
        category_id bigint not null,
        product_id bigint not null,
        primary key (category_id, product_id)
    ) engine=InnoDB
Hibernate: 
    create table tb_product_category (
        category_id bigint not null,
        product_id bigint not null,
        primary key (category_id, product_id)
    ) engine=InnoDB
2024-10-01T00:40:53.221-03:00 DEBUG 23236 --- [           main] org.hibernate.SQL                        : 
    create table tb_user (
        birth_date date,
        id bigint not null auto_increment,
        email varchar(255),
        name varchar(255),
        password varchar(255),
        phone varchar(255),
        primary key (id)
    ) engine=InnoDB
Hibernate: 
    create table tb_user (
        birth_date date,
        id bigint not null auto_increment,
        email varchar(255),
        name varchar(255),
        password varchar(255),
        phone varchar(255),
        primary key (id)
    ) engine=InnoDB
2024-10-01T00:40:53.312-03:00 DEBUG 23236 --- [           main] org.hibernate.SQL                        : 
    alter table tb_user 
       add constraint UK4vih17mube9j7cqyjlfbcrk4m unique (email)
Hibernate: 
    alter table tb_user 
       add constraint UK4vih17mube9j7cqyjlfbcrk4m unique (email)
2024-10-01T00:40:53.369-03:00 DEBUG 23236 --- [           main] org.hibernate.SQL                        : 
    alter table tb_order 
       add constraint FKi0x0rv7d65vsceuy33km9567n 
       foreign key (client_id) 
       references tb_user (id)
Hibernate: 
    alter table tb_order 
       add constraint FKi0x0rv7d65vsceuy33km9567n 
       foreign key (client_id) 
       references tb_user (id)
2024-10-01T00:40:53.581-03:00 DEBUG 23236 --- [           main] org.hibernate.SQL                        : 
    alter table tb_order_item 
       add constraint FK4h5xid5qehset7qwe5l9c997x 
       foreign key (product_id) 
       references tb_product (id)
Hibernate: 
    alter table tb_order_item 
       add constraint FK4h5xid5qehset7qwe5l9c997x 
       foreign key (product_id) 
       references tb_product (id)
2024-10-01T00:40:53.797-03:00 DEBUG 23236 --- [           main] org.hibernate.SQL                        : 
    alter table tb_order_item 
       add constraint FKgeobgl2xu916he8vhljktwxnx 
       foreign key (order_id) 
       references tb_order (id)
Hibernate: 
    alter table tb_order_item 
       add constraint FKgeobgl2xu916he8vhljktwxnx 
       foreign key (order_id) 
       references tb_order (id)
2024-10-01T00:40:54.031-03:00 DEBUG 23236 --- [           main] org.hibernate.SQL                        : 
    alter table tb_payment 
       add constraint FKokaf4il2cwit4h780c25dv04r 
       foreign key (order_id) 
       references tb_order (id)
Hibernate: 
    alter table tb_payment 
       add constraint FKokaf4il2cwit4h780c25dv04r 
       foreign key (order_id) 
       references tb_order (id)
2024-10-01T00:40:54.243-03:00 DEBUG 23236 --- [           main] org.hibernate.SQL                        : 
    alter table tb_product_category 
       add constraint FK5r4sbavb4nkd9xpl0f095qs2a 
       foreign key (category_id) 
       references tb_category (id)
Hibernate: 
    alter table tb_product_category 
       add constraint FK5r4sbavb4nkd9xpl0f095qs2a 
       foreign key (category_id) 
       references tb_category (id)
2024-10-01T00:40:54.433-03:00 DEBUG 23236 --- [           main] org.hibernate.SQL                        : 
    alter table tb_product_category 
       add constraint FKgbof0jclmaf8wn2alsoexxq3u 
       foreign key (product_id) 
       references tb_product (id)
Hibernate: 
    alter table tb_product_category 
       add constraint FKgbof0jclmaf8wn2alsoexxq3u 
       foreign key (product_id) 
       references tb_product (id)
2024-10-01T00:40:54.648-03:00  INFO 23236 --- [           main] j.LocalContainerEntityManagerFactoryBean : Initialized JPA EntityManagerFactory for persistence unit 'default'
2024-10-01T00:40:55.284-03:00  WARN 23236 --- [           main] JpaBaseConfiguration$JpaWebConfiguration : spring.jpa.open-in-view is enabled by default. Therefore, database queries may be performed during view rendering. Explicitly configure spring.jpa.open-in-view to disable this warning
2024-10-01T00:40:55.879-03:00  INFO 23236 --- [           main] com.devsuperior.dscommerce.StartTests    : Started StartTests in 8.58 seconds (process running for 9.833)
]]></system-out>
  </testcase>
</testsuite>